# JRE version: Java(TM) SE Runtime Environment (17.0+35) (build 17+35-LTS-2724)
# Java VM: Java HotSpot(TM) 64-Bit Server VM (17+35-LTS-2724, mixed mode, emulated-client, sharing, tiered, compressed oops, compressed class ptrs, g1 gc, windows-amd64)
GC Precious Log:
 CPUs: 8 total, 8 available
 Memory: 7985M
 Large Page Support: Disabled
 NUMA Support: Disabled
 Compressed Oops: Enabled (32-bit)
 Heap Region Size: 1M
 Heap Min Capacity: 8M
 Heap Initial Capacity: 126M
 Heap Max Capacity: 1998M
 Pre-touch: Disabled
 Parallel Workers: 8
 Concurrent Workers: 2
 Concurrent Refinement Workers: 8
 Periodic GC: Disabled
Heap:
 garbage-first heap   total 55296K, used 23230K [0x0000000083200000, 0x0000000100000000)
  region size 1024K, 1 young (1024K), 1 survivors (1024K)
 Metaspace       used 35676K, committed 36096K, reserved 1081344K
  class space    used 4777K, committed 4992K, reserved 1048576K
GC Heap History (20 events):
Event: 0.946 GC heap after
{Heap after GC invocations=1 (full 0):
 garbage-first heap   total 129024K, used 6443K [0x0000000083200000, 0x0000000100000000)
  region size 1024K, 3 young (3072K), 3 survivors (3072K)
 Metaspace       used 5505K, committed 5696K, reserved 1056768K
  class space    used 651K, committed 768K, reserved 1048576K
}
Event: 1.262 GC heap before
{Heap before GC invocations=1 (full 0):
 garbage-first heap   total 129024K, used 29995K [0x0000000083200000, 0x0000000100000000)
  region size 1024K, 27 young (27648K), 3 survivors (3072K)
 Metaspace       used 8702K, committed 8896K, reserved 1056768K
  class space    used 1120K, committed 1216K, reserved 1048576K
}
Event: 1.264 GC heap after
{Heap after GC invocations=2 (full 0):
 garbage-first heap   total 129024K, used 7943K [0x0000000083200000, 0x0000000100000000)
  region size 1024K, 2 young (2048K), 2 survivors (2048K)
 Metaspace       used 8702K, committed 8896K, reserved 1056768K
  class space    used 1120K, committed 1216K, reserved 1048576K
}
Event: 2.318 GC heap before
{Heap before GC invocations=2 (full 0):
 garbage-first heap   total 129024K, used 82695K [0x0000000083200000, 0x0000000100000000)
  region size 1024K, 75 young (76800K), 2 survivors (2048K)
 Metaspace       used 17551K, committed 17856K, reserved 1064960K
  class space    used 2329K, committed 2496K, reserved 1048576K
}
Event: 2.323 GC heap after
{Heap after GC invocations=3 (full 0):
 garbage-first heap   total 129024K, used 12059K [0x0000000083200000, 0x0000000100000000)
  region size 1024K, 6 young (6144K), 6 survivors (6144K)
 Metaspace       used 17551K, committed 17856K, reserved 1064960K
  class space    used 2329K, committed 2496K, reserved 1048576K
}
Event: 2.730 GC heap before
{Heap before GC invocations=3 (full 0):
 garbage-first heap   total 129024K, used 46875K [0x0000000083200000, 0x0000000100000000)
  region size 1024K, 41 young (41984K), 6 survivors (6144K)
 Metaspace       used 21224K, committed 21504K, reserved 1073152K
  class space    used 2870K, committed 3008K, reserved 1048576K
}
Event: 2.736 GC heap after
{Heap after GC invocations=4 (full 0):
 garbage-first heap   total 129024K, used 14252K [0x0000000083200000, 0x0000000100000000)
  region size 1024K, 7 young (7168K), 7 survivors (7168K)
 Metaspace       used 21224K, committed 21504K, reserved 1073152K
  class space    used 2870K, committed 3008K, reserved 1048576K
}
Event: 3.103 GC heap before
{Heap before GC invocations=5 (full 0):
 garbage-first heap   total 55296K, used 38828K [0x0000000083200000, 0x0000000100000000)
  region size 1024K, 32 young (32768K), 7 survivors (7168K)
 Metaspace       used 23729K, committed 24064K, reserved 1073152K
  class space    used 3214K, committed 3392K, reserved 1048576K
}
Event: 3.110 GC heap after
{Heap after GC invocations=6 (full 0):
 garbage-first heap   total 55296K, used 16302K [0x0000000083200000, 0x0000000100000000)
  region size 1024K, 3 young (3072K), 3 survivors (3072K)
 Metaspace       used 23729K, committed 24064K, reserved 1073152K
  class space    used 3214K, committed 3392K, reserved 1048576K
}
Event: 3.528 GC heap before
{Heap before GC invocations=6 (full 0):
 garbage-first heap   total 55296K, used 37806K [0x0000000083200000, 0x0000000100000000)
  region size 1024K, 25 young (25600K), 3 survivors (3072K)
 Metaspace       used 25340K, committed 25664K, reserved 1073152K
  class space    used 3433K, committed 3584K, reserved 1048576K
}
Event: 3.530 GC heap after
{Heap after GC invocations=7 (full 0):
 garbage-first heap   total 55296K, used 17388K [0x0000000083200000, 0x0000000100000000)
  region size 1024K, 2 young (2048K), 2 survivors (2048K)
 Metaspace       used 25340K, committed 25664K, reserved 1073152K
  class space    used 3433K, committed 3584K, reserved 1048576K
}
Event: 3.838 GC heap before
{Heap before GC invocations=7 (full 0):
 garbage-first heap   total 55296K, used 38892K [0x0000000083200000, 0x0000000100000000)
  region size 1024K, 23 young (23552K), 2 survivors (2048K)
 Metaspace       used 29187K, committed 29568K, reserved 1081344K
  class space    used 3924K, committed 4096K, reserved 1048576K
}
Event: 3.840 GC heap after
{Heap after GC invocations=8 (full 0):
 garbage-first heap   total 55296K, used 18265K [0x0000000083200000, 0x0000000100000000)
  region size 1024K, 2 young (2048K), 2 survivors (2048K)
 Metaspace       used 29187K, committed 29568K, reserved 1081344K
  class space    used 3924K, committed 4096K, reserved 1048576K
}
Event: 3.956 GC heap before
{Heap before GC invocations=8 (full 0):
 garbage-first heap   total 55296K, used 40793K [0x0000000083200000, 0x0000000100000000)
  region size 1024K, 24 young (24576K), 2 survivors (2048K)
 Metaspace       used 30236K, committed 30592K, reserved 1081344K
  class space    used 4047K, committed 4224K, reserved 1048576K
}
Event: 3.957 GC heap after
{Heap after GC invocations=9 (full 0):
 garbage-first heap   total 55296K, used 19012K [0x0000000083200000, 0x0000000100000000)
  region size 1024K, 2 young (2048K), 2 survivors (2048K)
 Metaspace       used 30236K, committed 30592K, reserved 1081344K
  class space    used 4047K, committed 4224K, reserved 1048576K
}
Event: 4.233 GC heap before
{Heap before GC invocations=9 (full 0):
 garbage-first heap   total 55296K, used 41540K [0x0000000083200000, 0x0000000100000000)
  region size 1024K, 24 young (24576K), 2 survivors (2048K)
 Metaspace       used 32210K, committed 32640K, reserved 1081344K
  class space    used 4316K, committed 4480K, reserved 1048576K
}
Event: 4.235 GC heap after
{Heap after GC invocations=10 (full 0):
 garbage-first heap   total 55296K, used 21205K [0x0000000083200000, 0x0000000100000000)
  region size 1024K, 3 young (3072K), 3 survivors (3072K)
 Metaspace       used 32210K, committed 32640K, reserved 1081344K
  class space    used 4316K, committed 4480K, reserved 1048576K
}
Event: 4.459 GC heap before
{Heap before GC invocations=10 (full 0):
 garbage-first heap   total 55296K, used 41685K [0x0000000083200000, 0x0000000100000000)
  region size 1024K, 23 young (23552K), 3 survivors (3072K)
 Metaspace       used 34743K, committed 35200K, reserved 1081344K
  class space    used 4635K, committed 4864K, reserved 1048576K
}
Event: 4.461 GC heap after
{Heap after GC invocations=11 (full 0):
 garbage-first heap   total 55296K, used 22937K [0x0000000083200000, 0x0000000100000000)
  region size 1024K, 2 young (2048K), 2 survivors (2048K)
 Metaspace       used 34743K, committed 35200K, reserved 1081344K
  class space    used 4635K, committed 4864K, reserved 1048576K
}
Event: 4.549 GC heap before
{Heap before GC invocations=11 (full 0):
 garbage-first heap   total 55296K, used 27033K [0x0000000083200000, 0x0000000100000000)
  region size 1024K, 7 young (7168K), 2 survivors (2048K)
 Metaspace       used 35676K, committed 36096K, reserved 1081344K
  class space    used 4777K, committed 4992K, reserved 1048576K
}

